Using pre-set license
Built from '2020.3/staging' branch; Version is '2020.3.6f1 (338bb68529b2) revision 3378102'; Using compiler version '192528614'; Build Type 'Release'
OS: 'Windows 10 Home; OS build 19042.1110; Version 2009; 64bit' Language: 'en' Physical Memory: 16205 MB
BatchMode: 1, IsHumanControllingUs: 0, StartBugReporterOnCrash: 0, Is64bit: 1, IsPro: 0

 COMMAND LINE ARGUMENTS:
C:\Program Files\Unity\Hub\Editor\2020.3.6f1\Editor\Unity.exe
-adb2
-batchMode
-noUpm
-name
AssetImportWorker0
-projectPath
D:/Unity Projects/New Top Down Shooter
-logFile
Logs/AssetImportWorker0.log
-srvPort
64986
Successfully changed project path to: D:/Unity Projects/New Top Down Shooter
D:/Unity Projects/New Top Down Shooter
Using Asset Import Pipeline V2.
Refreshing native plugins compatible for Editor in 32.50 ms, found 1 plugins.
Preloading 0 native plugins for Editor in 0.00 ms.
Initialize engine version: 2020.3.6f1 (338bb68529b2)
[Subsystems] Discovering subsystems at path C:/Program Files/Unity/Hub/Editor/2020.3.6f1/Editor/Data/Resources/UnitySubsystems
[Subsystems] Discovering subsystems at path D:/Unity Projects/New Top Down Shooter/Assets
GfxDevice: creating device client; threaded=0
Direct3D:
    Version:  Direct3D 11.0 [level 11.1]
    Renderer: NVIDIA GeForce RTX 2070 (ID=0x1f14)
    Vendor:   
    VRAM:     8031 MB
    Driver:   30.0.14.7111
Initialize mono
Mono path[0] = 'C:/Program Files/Unity/Hub/Editor/2020.3.6f1/Editor/Data/Managed'
Mono path[1] = 'C:/Program Files/Unity/Hub/Editor/2020.3.6f1/Editor/Data/MonoBleedingEdge/lib/mono/unityjit'
Mono config path = 'C:/Program Files/Unity/Hub/Editor/2020.3.6f1/Editor/Data/MonoBleedingEdge/etc'
Using monoOptions --debugger-agent=transport=dt_socket,embedding=1,server=y,suspend=n,address=127.0.0.1:56228
Begin MonoManager ReloadAssembly
Registering precompiled unity dll's ...
Register platform support module: C:/Program Files/Unity/Hub/Editor/2020.3.6f1/Editor/Data/PlaybackEngines/WebGLSupport/UnityEditor.WebGL.Extensions.dll
Register platform support module: C:/Program Files/Unity/Hub/Editor/2020.3.6f1/Editor/Data/PlaybackEngines/WindowsStandaloneSupport/UnityEditor.WindowsStandalone.Extensions.dll
Registered in 0.002239 seconds.
Native extension for WindowsStandalone target not found
Native extension for WebGL target not found
Refreshing native plugins compatible for Editor in 31.13 ms, found 1 plugins.
Preloading 0 native plugins for Editor in 0.00 ms.
Mono: successfully reloaded assembly
- Completed reload, in  1.451 seconds
Platform modules already initialized, skipping
Registering precompiled user dll's ...
Registered in 0.000868 seconds.
Begin MonoManager ReloadAssembly
Native extension for WindowsStandalone target not found
Native extension for WebGL target not found
Refreshing native plugins compatible for Editor in 30.57 ms, found 1 plugins.
Preloading 0 native plugins for Editor in 0.00 ms.
Mono: successfully reloaded assembly
- Completed reload, in  0.770 seconds
Platform modules already initialized, skipping
========================================================================
Worker process is ready to serve import requests
Launched and connected shader compiler UnityShaderCompiler.exe after 0.03 seconds
Refreshing native plugins compatible for Editor in 0.35 ms, found 1 plugins.
Preloading 0 native plugins for Editor in 0.00 ms.
Unloading 2045 Unused Serialized files (Serialized files now loaded: 0)
System memory in use before: 94.5 MB.
System memory in use after: 94.4 MB.

Unloading 28 unused Assets to reduce memory usage. Loaded Objects now: 2485.
Total: 2.027600 ms (FindLiveObjects: 0.177200 ms CreateObjectMapping: 0.093400 ms MarkObjects: 1.615500 ms  DeleteObjects: 0.140800 ms)

========================================================================
Received Import Request.
  path: Assets/Scenes/Core Game.unity
  artifactKey: Guid(2cda990e2423bbf4892e6590ba056729) Importer(815301076,1909f56bfc062723c751e8b465ee728b)
Start importing Assets/Scenes/Core Game.unity using Guid(2cda990e2423bbf4892e6590ba056729) Importer(815301076,1909f56bfc062723c751e8b465ee728b)  -> (artifact id: '93bbcb57951cd319f5a603195b8e26e8') in 0.163441 seconds
  Import took 0.165960 seconds .

========================================================================
Received Prepare
Registering precompiled user dll's ...
Registered in 0.001032 seconds.
Begin MonoManager ReloadAssembly
Native extension for WindowsStandalone target not found
Native extension for WebGL target not found
Refreshing native plugins compatible for Editor in 0.35 ms, found 1 plugins.
Preloading 0 native plugins for Editor in 0.00 ms.
Mono: successfully reloaded assembly
- Completed reload, in  0.723 seconds
Platform modules already initialized, skipping
Switching build target platform(5) subTarget(0) extendedPlatform(0) -> platform(13) subTarget(537395200) extendedPlatform(0)
Refreshing native plugins compatible for Editor in 0.35 ms, found 1 plugins.
Preloading 0 native plugins for Editor in 0.00 ms.
Unloading 2028 Unused Serialized files (Serialized files now loaded: 0)
System memory in use before: 93.0 MB.
System memory in use after: 92.9 MB.

Unloading 16 unused Assets to reduce memory usage. Loaded Objects now: 2489.
Total: 2.077800 ms (FindLiveObjects: 0.202500 ms CreateObjectMapping: 0.078800 ms MarkObjects: 1.706900 ms  DeleteObjects: 0.088800 ms)

AssetImportParameters requested are different than current active one (requested -> active):
  custom:graphics/normal-map-encoding: 01000000000000000000000000000000 -> 02000000000000000000000000000000
========================================================================
Received Prepare
Refreshing native plugins compatible for Editor in 2.27 ms, found 1 plugins.
Preloading 0 native plugins for Editor in 0.00 ms.
Unloading 13 Unused Serialized files (Serialized files now loaded: 0)
System memory in use before: 53.2 MB.
System memory in use after: 53.1 MB.

Unloading 13 unused Assets to reduce memory usage. Loaded Objects now: 2489.
Total: 2.386000 ms (FindLiveObjects: 0.233300 ms CreateObjectMapping: 0.094700 ms MarkObjects: 1.901900 ms  DeleteObjects: 0.155200 ms)

========================================================================
Received Prepare
Registering precompiled user dll's ...
Registered in 0.001011 seconds.
Begin MonoManager ReloadAssembly
Native extension for WindowsStandalone target not found
Native extension for WebGL target not found
Refreshing native plugins compatible for Editor in 0.35 ms, found 1 plugins.
Preloading 0 native plugins for Editor in 0.00 ms.
Mono: successfully reloaded assembly
- Completed reload, in  0.755 seconds
Platform modules already initialized, skipping
Switching build target platform(5) subTarget(0) extendedPlatform(0) -> platform(13) subTarget(537395200) extendedPlatform(0)
Refreshing native plugins compatible for Editor in 0.41 ms, found 1 plugins.
Preloading 0 native plugins for Editor in 0.00 ms.
Unloading 2028 Unused Serialized files (Serialized files now loaded: 0)
System memory in use before: 93.0 MB.
System memory in use after: 93.0 MB.

Unloading 16 unused Assets to reduce memory usage. Loaded Objects now: 2493.
Total: 1.706300 ms (FindLiveObjects: 0.173300 ms CreateObjectMapping: 0.068500 ms MarkObjects: 1.371400 ms  DeleteObjects: 0.092200 ms)

AssetImportParameters requested are different than current active one (requested -> active):
  custom:graphics/normal-map-encoding: 01000000000000000000000000000000 -> 02000000000000000000000000000000
========================================================================
Received Import Request.
  Time since last request: 359.997436 seconds.
  path: Assets/Prefabs/Enemy.prefab
  artifactKey: Guid(3e877dd8fe08f4449b3a7898350b7fa5) Importer(815301076,1909f56bfc062723c751e8b465ee728b)
Start importing Assets/Prefabs/Enemy.prefab using Guid(3e877dd8fe08f4449b3a7898350b7fa5) Importer(815301076,1909f56bfc062723c751e8b465ee728b)  -> (artifact id: '96e666d74f7b02281b49cde6dc243ab7') in 0.104285 seconds
  Import took 0.107105 seconds .

========================================================================
Received Import Request.
  Time since last request: 63.194350 seconds.
  path: Assets/Prefabs/Enemy.prefab
  artifactKey: Guid(3e877dd8fe08f4449b3a7898350b7fa5) Importer(815301076,1909f56bfc062723c751e8b465ee728b)
Start importing Assets/Prefabs/Enemy.prefab using Guid(3e877dd8fe08f4449b3a7898350b7fa5) Importer(815301076,1909f56bfc062723c751e8b465ee728b)  -> (artifact id: 'ab9c9e014f102325e52626d6f0489b9f') in 0.009854 seconds
  Import took 0.012739 seconds .

========================================================================
Received Import Request.
  Time since last request: 0.565608 seconds.
  path: Assets/Prefabs/Health Bar.prefab
  artifactKey: Guid(fdb96b6ae4518394091785ba06294afd) Importer(815301076,1909f56bfc062723c751e8b465ee728b)
Start importing Assets/Prefabs/Health Bar.prefab using Guid(fdb96b6ae4518394091785ba06294afd) Importer(815301076,1909f56bfc062723c751e8b465ee728b)  -> (artifact id: '010373b4d63d9bbed4299d453e5b4175') in 0.012181 seconds
  Import took 0.014949 seconds .

========================================================================
Received Import Request.
  Time since last request: 0.011846 seconds.
  path: Assets/Prefabs/Health Bar.prefab
  artifactKey: Guid(fdb96b6ae4518394091785ba06294afd) Importer(815301076,1909f56bfc062723c751e8b465ee728b)
Start importing Assets/Prefabs/Health Bar.prefab using Guid(fdb96b6ae4518394091785ba06294afd) Importer(815301076,1909f56bfc062723c751e8b465ee728b)  -> (artifact id: '010373b4d63d9bbed4299d453e5b4175') in 0.003350 seconds
  Import took 0.006365 seconds .

========================================================================
Received Import Request.
  Time since last request: 0.518098 seconds.
  path: Assets/Prefabs/Player.prefab
  artifactKey: Guid(5a5f6fd44ff181b49a056fd651334e42) Importer(815301076,1909f56bfc062723c751e8b465ee728b)
Start importing Assets/Prefabs/Player.prefab using Guid(5a5f6fd44ff181b49a056fd651334e42) Importer(815301076,1909f56bfc062723c751e8b465ee728b)  -> (artifact id: '2c2c6d2000c48909763d4e664b72084f') in 0.009057 seconds
  Import took 0.011889 seconds .

========================================================================
Received Import Request.
  Time since last request: 14.614338 seconds.
  path: Assets/Prefabs/Enemy.prefab
  artifactKey: Guid(3e877dd8fe08f4449b3a7898350b7fa5) Importer(815301076,1909f56bfc062723c751e8b465ee728b)
Start importing Assets/Prefabs/Enemy.prefab using Guid(3e877dd8fe08f4449b3a7898350b7fa5) Importer(815301076,1909f56bfc062723c751e8b465ee728b)  -> (artifact id: '9ebb07695d954e620a42a794ee457f1a') in 0.016198 seconds
  Import took 0.033135 seconds .

========================================================================
Received Import Request.
  Time since last request: 0.000754 seconds.
  path: Assets/Prefabs/Enemy.prefab
  artifactKey: Guid(3e877dd8fe08f4449b3a7898350b7fa5) Importer(815301076,1909f56bfc062723c751e8b465ee728b)
Start importing Assets/Prefabs/Enemy.prefab using Guid(3e877dd8fe08f4449b3a7898350b7fa5) Importer(815301076,1909f56bfc062723c751e8b465ee728b)  -> (artifact id: '9ebb07695d954e620a42a794ee457f1a') in 0.007524 seconds
  Import took 0.010302 seconds .

========================================================================
Received Prepare
Registering precompiled user dll's ...
Registered in 0.001126 seconds.
Begin MonoManager ReloadAssembly
Native extension for WindowsStandalone target not found
Native extension for WebGL target not found
Refreshing native plugins compatible for Editor in 0.35 ms, found 1 plugins.
Preloading 0 native plugins for Editor in 0.00 ms.
Mono: successfully reloaded assembly
- Completed reload, in  0.720 seconds
Platform modules already initialized, skipping
Switching build target platform(5) subTarget(0) extendedPlatform(0) -> platform(13) subTarget(537395200) extendedPlatform(0)
Refreshing native plugins compatible for Editor in 0.38 ms, found 1 plugins.
Preloading 0 native plugins for Editor in 0.00 ms.
Unloading 2028 Unused Serialized files (Serialized files now loaded: 0)
System memory in use before: 96.0 MB.
System memory in use after: 96.0 MB.

Unloading 16 unused Assets to reduce memory usage. Loaded Objects now: 2504.
Total: 2.059300 ms (FindLiveObjects: 0.231200 ms CreateObjectMapping: 0.064600 ms MarkObjects: 1.640700 ms  DeleteObjects: 0.122100 ms)

AssetImportParameters requested are different than current active one (requested -> active):
  custom:graphics/normal-map-encoding: 01000000000000000000000000000000 -> 02000000000000000000000000000000
========================================================================
Received Import Request.
  Time since last request: 44.056475 seconds.
  path: Assets/Prefabs/Enemy.prefab
  artifactKey: Guid(3e877dd8fe08f4449b3a7898350b7fa5) Importer(815301076,1909f56bfc062723c751e8b465ee728b)
Start importing Assets/Prefabs/Enemy.prefab using Guid(3e877dd8fe08f4449b3a7898350b7fa5) Importer(815301076,1909f56bfc062723c751e8b465ee728b)  -> (artifact id: 'a667cf53dfeb6cd884cfa710c9ed40ad') in 0.052861 seconds
  Import took 0.055829 seconds .

========================================================================
Received Prepare
Registering precompiled user dll's ...
Registered in 0.001206 seconds.
Begin MonoManager ReloadAssembly
Native extension for WindowsStandalone target not found
Native extension for WebGL target not found
Refreshing native plugins compatible for Editor in 0.39 ms, found 1 plugins.
Preloading 0 native plugins for Editor in 0.00 ms.
Mono: successfully reloaded assembly
- Completed reload, in  0.852 seconds
Platform modules already initialized, skipping
Switching build target platform(5) subTarget(0) extendedPlatform(0) -> platform(13) subTarget(537395200) extendedPlatform(0)
Refreshing native plugins compatible for Editor in 0.38 ms, found 1 plugins.
Preloading 0 native plugins for Editor in 0.00 ms.
Unloading 2028 Unused Serialized files (Serialized files now loaded: 0)
System memory in use before: 96.0 MB.
System memory in use after: 96.0 MB.

Unloading 16 unused Assets to reduce memory usage. Loaded Objects now: 2509.
Total: 2.446100 ms (FindLiveObjects: 0.229500 ms CreateObjectMapping: 0.083300 ms MarkObjects: 2.002300 ms  DeleteObjects: 0.109400 ms)

AssetImportParameters requested are different than current active one (requested -> active):
  custom:graphics/normal-map-encoding: 01000000000000000000000000000000 -> 02000000000000000000000000000000
========================================================================
Received Import Request.
  Time since last request: 27.379393 seconds.
  path: Assets/Prefabs/Enemy.prefab
  artifactKey: Guid(3e877dd8fe08f4449b3a7898350b7fa5) Importer(815301076,1909f56bfc062723c751e8b465ee728b)
Start importing Assets/Prefabs/Enemy.prefab using Guid(3e877dd8fe08f4449b3a7898350b7fa5) Importer(815301076,1909f56bfc062723c751e8b465ee728b)  -> (artifact id: 'fce44704acebc2905a4d94f64cd78aae') in 0.048708 seconds
  Import took 0.369238 seconds .

========================================================================
Received Import Request.
  Time since last request: 15.119393 seconds.
  path: Assets/Prefabs/Enemy.prefab
  artifactKey: Guid(3e877dd8fe08f4449b3a7898350b7fa5) Importer(815301076,1909f56bfc062723c751e8b465ee728b)
Start importing Assets/Prefabs/Enemy.prefab using Guid(3e877dd8fe08f4449b3a7898350b7fa5) Importer(815301076,1909f56bfc062723c751e8b465ee728b)  -> (artifact id: '5ebf96c25540f088b40e8e36fda4bd3b') in 0.009696 seconds
  Import took 0.012643 seconds .

========================================================================
Received Prepare
Registering precompiled user dll's ...
Registered in 0.000838 seconds.
Begin MonoManager ReloadAssembly
Native extension for WindowsStandalone target not found
Native extension for WebGL target not found
Refreshing native plugins compatible for Editor in 0.36 ms, found 1 plugins.
Preloading 0 native plugins for Editor in 0.00 ms.
Mono: successfully reloaded assembly
- Completed reload, in  0.728 seconds
Platform modules already initialized, skipping
Switching build target platform(5) subTarget(0) extendedPlatform(0) -> platform(13) subTarget(537395200) extendedPlatform(0)
Refreshing native plugins compatible for Editor in 0.36 ms, found 1 plugins.
Preloading 0 native plugins for Editor in 0.00 ms.
Unloading 2028 Unused Serialized files (Serialized files now loaded: 0)
System memory in use before: 96.1 MB.
System memory in use after: 96.0 MB.

Unloading 16 unused Assets to reduce memory usage. Loaded Objects now: 2514.
Total: 1.910100 ms (FindLiveObjects: 0.180400 ms CreateObjectMapping: 0.067700 ms MarkObjects: 1.564100 ms  DeleteObjects: 0.096800 ms)

AssetImportParameters requested are different than current active one (requested -> active):
  custom:graphics/normal-map-encoding: 01000000000000000000000000000000 -> 02000000000000000000000000000000
========================================================================
Received Import Request.
  Time since last request: 112.087807 seconds.
  path: Assets/Scenes/End Scene.unity
  artifactKey: Guid(312d33cfb8a1668408411fb14ebbb373) Importer(815301076,1909f56bfc062723c751e8b465ee728b)
Start importing Assets/Scenes/End Scene.unity using Guid(312d33cfb8a1668408411fb14ebbb373) Importer(815301076,1909f56bfc062723c751e8b465ee728b)  -> (artifact id: 'f28f89808e930c6a2552f79143137c78') in 0.010962 seconds
  Import took 0.014034 seconds .

========================================================================
Received Import Request.
  Time since last request: 0.000655 seconds.
  path: Assets/Scenes/End Scene.unity
  artifactKey: Guid(312d33cfb8a1668408411fb14ebbb373) Importer(815301076,1909f56bfc062723c751e8b465ee728b)
Start importing Assets/Scenes/End Scene.unity using Guid(312d33cfb8a1668408411fb14ebbb373) Importer(815301076,1909f56bfc062723c751e8b465ee728b)  -> (artifact id: 'f28f89808e930c6a2552f79143137c78') in 0.001908 seconds
  Import took 0.004780 seconds .

========================================================================
Received Import Request.
  Time since last request: 61.891451 seconds.
  path: Assets/Scenes/Core Game.unity
  artifactKey: Guid(2cda990e2423bbf4892e6590ba056729) Importer(815301076,1909f56bfc062723c751e8b465ee728b)
Start importing Assets/Scenes/Core Game.unity using Guid(2cda990e2423bbf4892e6590ba056729) Importer(815301076,1909f56bfc062723c751e8b465ee728b)  -> (artifact id: '210bb7e950fe9ec60ea4ef7b06a6616f') in 0.001824 seconds
  Import took 0.021818 seconds .

========================================================================
Received Prepare
Refreshing native plugins compatible for Editor in 2.33 ms, found 1 plugins.
Preloading 0 native plugins for Editor in 0.00 ms.
Unloading 13 Unused Serialized files (Serialized files now loaded: 0)
System memory in use before: 56.3 MB.
System memory in use after: 56.2 MB.

Unloading 13 unused Assets to reduce memory usage. Loaded Objects now: 2514.
Total: 2.164500 ms (FindLiveObjects: 0.180800 ms CreateObjectMapping: 0.072900 ms MarkObjects: 1.807200 ms  DeleteObjects: 0.102800 ms)

========================================================================
Received Prepare
Registering precompiled user dll's ...
Registered in 0.001076 seconds.
Begin MonoManager ReloadAssembly
Native extension for WindowsStandalone target not found
Native extension for WebGL target not found
Refreshing native plugins compatible for Editor in 0.34 ms, found 1 plugins.
Preloading 0 native plugins for Editor in 0.00 ms.
Mono: successfully reloaded assembly
- Completed reload, in  0.732 seconds
Platform modules already initialized, skipping
Switching build target platform(5) subTarget(0) extendedPlatform(0) -> platform(13) subTarget(537395200) extendedPlatform(0)
Refreshing native plugins compatible for Editor in 0.36 ms, found 1 plugins.
Preloading 0 native plugins for Editor in 0.00 ms.
Unloading 2028 Unused Serialized files (Serialized files now loaded: 0)
System memory in use before: 96.1 MB.
System memory in use after: 96.1 MB.

Unloading 16 unused Assets to reduce memory usage. Loaded Objects now: 2518.
Total: 1.789700 ms (FindLiveObjects: 0.210300 ms CreateObjectMapping: 0.067900 ms MarkObjects: 1.386200 ms  DeleteObjects: 0.124600 ms)

AssetImportParameters requested are different than current active one (requested -> active):
  custom:graphics/normal-map-encoding: 01000000000000000000000000000000 -> 02000000000000000000000000000000
========================================================================
Received Prepare
Registering precompiled user dll's ...
Registered in 0.001074 seconds.
Begin MonoManager ReloadAssembly
Native extension for WindowsStandalone target not found
Native extension for WebGL target not found
Refreshing native plugins compatible for Editor in 0.38 ms, found 1 plugins.
Preloading 0 native plugins for Editor in 0.00 ms.
Mono: successfully reloaded assembly
- Completed reload, in  0.857 seconds
Platform modules already initialized, skipping
Switching build target platform(5) subTarget(0) extendedPlatform(0) -> platform(13) subTarget(537395200) extendedPlatform(0)
Refreshing native plugins compatible for Editor in 0.38 ms, found 1 plugins.
Preloading 0 native plugins for Editor in 0.00 ms.
Unloading 2028 Unused Serialized files (Serialized files now loaded: 0)
System memory in use before: 96.1 MB.
System memory in use after: 96.1 MB.

Unloading 16 unused Assets to reduce memory usage. Loaded Objects now: 2522.
Total: 1.912500 ms (FindLiveObjects: 0.197200 ms CreateObjectMapping: 0.089700 ms MarkObjects: 1.527500 ms  DeleteObjects: 0.097100 ms)

AssetImportParameters requested are different than current active one (requested -> active):
  custom:graphics/normal-map-encoding: 01000000000000000000000000000000 -> 02000000000000000000000000000000
========================================================================
Received Import Request.
  Time since last request: 671.522077 seconds.
  path: Assets/Scripts/Enemy.cs
  artifactKey: Guid(8dece61f11a5eb549a1dc251648a27b4) Importer(815301076,1909f56bfc062723c751e8b465ee728b)
Start importing Assets/Scripts/Enemy.cs using Guid(8dece61f11a5eb549a1dc251648a27b4) Importer(815301076,1909f56bfc062723c751e8b465ee728b)  -> (artifact id: 'd57256a5c51234ca0a444a6e88b26bb5') in 0.021447 seconds
  Import took 0.024361 seconds .

========================================================================
Received Import Request.
  Time since last request: 0.011959 seconds.
  path: Assets/Scripts/Enemy.cs
  artifactKey: Guid(8dece61f11a5eb549a1dc251648a27b4) Importer(815301076,1909f56bfc062723c751e8b465ee728b)
Start importing Assets/Scripts/Enemy.cs using Guid(8dece61f11a5eb549a1dc251648a27b4) Importer(815301076,1909f56bfc062723c751e8b465ee728b)  -> (artifact id: 'd57256a5c51234ca0a444a6e88b26bb5') in 0.001392 seconds
  Import took 0.004250 seconds .

========================================================================
Received Prepare
Registering precompiled user dll's ...
Registered in 0.001038 seconds.
Begin MonoManager ReloadAssembly
Native extension for WindowsStandalone target not found
Native extension for WebGL target not found
Refreshing native plugins compatible for Editor in 0.35 ms, found 1 plugins.
Preloading 0 native plugins for Editor in 0.00 ms.
Mono: successfully reloaded assembly
- Completed reload, in  0.798 seconds
Platform modules already initialized, skipping
Switching build target platform(5) subTarget(0) extendedPlatform(0) -> platform(13) subTarget(537395200) extendedPlatform(0)
Refreshing native plugins compatible for Editor in 0.35 ms, found 1 plugins.
Preloading 0 native plugins for Editor in 0.00 ms.
Unloading 2028 Unused Serialized files (Serialized files now loaded: 0)
System memory in use before: 96.1 MB.
System memory in use after: 96.1 MB.

Unloading 16 unused Assets to reduce memory usage. Loaded Objects now: 2526.
Total: 1.955000 ms (FindLiveObjects: 0.206600 ms CreateObjectMapping: 0.082500 ms MarkObjects: 1.565300 ms  DeleteObjects: 0.099800 ms)

AssetImportParameters requested are different than current active one (requested -> active):
  custom:graphics/normal-map-encoding: 01000000000000000000000000000000 -> 02000000000000000000000000000000
========================================================================
Received Import Request.
  Time since last request: 450.329379 seconds.
  path: Assets/Scripts/Enemy.cs
  artifactKey: Guid(8dece61f11a5eb549a1dc251648a27b4) Importer(815301076,1909f56bfc062723c751e8b465ee728b)
Start importing Assets/Scripts/Enemy.cs using Guid(8dece61f11a5eb549a1dc251648a27b4) Importer(815301076,1909f56bfc062723c751e8b465ee728b)  -> (artifact id: 'b07fa28771b6db74715320a81d7d2861') in 0.003608 seconds
  Import took 0.006086 seconds .

========================================================================
Received Prepare
Registering precompiled user dll's ...
Registered in 0.001043 seconds.
Begin MonoManager ReloadAssembly
Native extension for WindowsStandalone target not found
Native extension for WebGL target not found
Refreshing native plugins compatible for Editor in 0.38 ms, found 1 plugins.
Preloading 0 native plugins for Editor in 0.00 ms.
Mono: successfully reloaded assembly
- Completed reload, in  0.751 seconds
Platform modules already initialized, skipping
Switching build target platform(5) subTarget(0) extendedPlatform(0) -> platform(13) subTarget(537395200) extendedPlatform(0)
Refreshing native plugins compatible for Editor in 0.34 ms, found 1 plugins.
Preloading 0 native plugins for Editor in 0.00 ms.
Unloading 2028 Unused Serialized files (Serialized files now loaded: 0)
System memory in use before: 96.1 MB.
System memory in use after: 96.1 MB.

Unloading 16 unused Assets to reduce memory usage. Loaded Objects now: 2530.
Total: 1.817600 ms (FindLiveObjects: 0.169100 ms CreateObjectMapping: 0.064400 ms MarkObjects: 1.486200 ms  DeleteObjects: 0.096700 ms)

AssetImportParameters requested are different than current active one (requested -> active):
  custom:graphics/normal-map-encoding: 01000000000000000000000000000000 -> 02000000000000000000000000000000
========================================================================
Received Prepare
Refreshing native plugins compatible for Editor in 2.29 ms, found 1 plugins.
Preloading 0 native plugins for Editor in 0.00 ms.
Unloading 13 Unused Serialized files (Serialized files now loaded: 0)
System memory in use before: 56.3 MB.
System memory in use after: 56.3 MB.

Unloading 13 unused Assets to reduce memory usage. Loaded Objects now: 2530.
Total: 2.049400 ms (FindLiveObjects: 0.293500 ms CreateObjectMapping: 0.136600 ms MarkObjects: 1.472500 ms  DeleteObjects: 0.145900 ms)

AssetImportWorkerClient::OnTransportError - code=2 error=End of file
